<?xml version="1.0" encoding="UTF-8"?>
<testng-results skipped="0" failed="0" ignored="0" total="2" passed="2">
  <reporter-output>
  </reporter-output>
  <suite name="Suite" duration-ms="92051" started-at="2019-09-29T22:23:23 IST" finished-at="2019-09-29T22:24:55 IST">
    <groups>
    </groups>
    <test name="Test" duration-ms="92051" started-at="2019-09-29T22:23:23 IST" finished-at="2019-09-29T22:24:55 IST">
      <class name="docker.Docker_Setup">
        <test-method status="PASS" signature="start_Docker()[pri:0, instance:docker.Docker_Setup@5bc79255]" name="start_Docker" is-config="true" duration-ms="25029" started-at="2019-09-29T22:23:23 IST" finished-at="2019-09-29T22:23:48 IST">
          <reporter-output>
          </reporter-output>
        </test-method> <!-- start_Docker -->
        <test-method status="PASS" signature="stop_Docker()[pri:0, instance:docker.Docker_Setup@5bc79255]" name="stop_Docker" is-config="true" duration-ms="10020" started-at="2019-09-29T22:24:45 IST" finished-at="2019-09-29T22:24:55 IST">
          <reporter-output>
          </reporter-output>
        </test-method> <!-- stop_Docker -->
      </class> <!-- docker.Docker_Setup -->
      <class name="docker.Docker_chrome">
        <test-method status="PASS" signature="cc()[pri:0, instance:docker.Docker_chrome@47ef968d]" name="cc" duration-ms="53573" started-at="2019-09-29T22:23:49 IST" finished-at="2019-09-29T22:24:42 IST">
          <reporter-output>
          </reporter-output>
        </test-method> <!-- cc -->
      </class> <!-- docker.Docker_chrome -->
      <class name="docker.Docker_FF">
        <test-method status="PASS" signature="ff()[pri:0, instance:docker.Docker_FF@23e028a9]" name="ff" duration-ms="56888" started-at="2019-09-29T22:23:49 IST" finished-at="2019-09-29T22:24:45 IST">
          <reporter-output>
          </reporter-output>
        </test-method> <!-- ff -->
      </class> <!-- docker.Docker_FF -->
    </test> <!-- Test -->
  </suite> <!-- Suite -->
</testng-results>
